<?xml version="1.0" encoding="UTF-8"?>
<!-- Generated by org.testng.reporters.JUnitReportReporter -->
<testsuite skipped="0" hostname="N-20S5PF2GG0F1" name="com.inetBanking.testCases.TC_Updateitem_002" tests="3" failures="0" timestamp="30 Aug 2022 00:02:57 GMT" time="0.768" errors="0">
  <testcase name="editItem" time="0.247" classname="com.inetBanking.testCases.TC_Updateitem_002"/>
  <testcase name="editItem" time="0.249" classname="com.inetBanking.testCases.TC_Updateitem_002"/>
  <testcase name="editItem" time="0.272" classname="com.inetBanking.testCases.TC_Updateitem_002"/>
</testsuite> <!-- com.inetBanking.testCases.TC_Updateitem_002 -->
