<?xml version="1.0" encoding="UTF-8"?>
<!-- Generated by org.testng.reporters.JUnitReportReporter -->
<testsuite skipped="1" hostname="N-20S5PF2GG0F1" name="com.inetBanking.testCases.TC_TodoAddItem_001" tests="13" failures="0" timestamp="30 Aug 2022 00:02:57 GMT" time="4.303" errors="0">
  <testcase name="testNavigateToTodosPage" time="1.259" classname="com.inetBanking.testCases.TC_TodoAddItem_001"/>
  <testcase name="addItem" time="0.201" classname="com.inetBanking.testCases.TC_TodoAddItem_001"/>
  <testcase name="addItem" time="0.159" classname="com.inetBanking.testCases.TC_TodoAddItem_001"/>
  <testcase name="addItem" time="0.195" classname="com.inetBanking.testCases.TC_TodoAddItem_001"/>
  <testcase name="addItem" time="0.161" classname="com.inetBanking.testCases.TC_TodoAddItem_001"/>
  <testcase name="addItem" time="1.318" classname="com.inetBanking.testCases.TC_TodoAddItem_001"/>
  <testcase name="addItem" time="0.188" classname="com.inetBanking.testCases.TC_TodoAddItem_001"/>
  <testcase name="addItem" time="0.158" classname="com.inetBanking.testCases.TC_TodoAddItem_001"/>
  <testcase name="addItem" time="0.145" classname="com.inetBanking.testCases.TC_TodoAddItem_001"/>
  <testcase name="addItemBeginswithSpaces" time="0.240" classname="com.inetBanking.testCases.TC_TodoAddItem_001"/>
  <testcase name="addItemBeginswithSpaces" time="0.246" classname="com.inetBanking.testCases.TC_TodoAddItem_001"/>
  <testcase name="checkFootercount" time="0.033" classname="com.inetBanking.testCases.TC_TodoAddItem_001"/>
  <testcase name="addItemwithNullorEmpty" classname="com.inetBanking.testCases.TC_TodoAddItem_001">
    <skipped/>
  </testcase> <!-- addItemwithNullorEmpty -->
</testsuite> <!-- com.inetBanking.testCases.TC_TodoAddItem_001 -->
